<?xml version="1.0" encoding="UTF-8"?>
<testng-results ignored="0" total="1" passed="1" failed="0" skipped="0">
  <reporter-output>
    <line>
      <![CDATA[The browser is open now]]>
    </line>
    <line>
      <![CDATA[The browser is maximized]]>
    </line>
    <line>
      <![CDATA[The search results are displayed]]>
    </line>
  </reporter-output>
  <suite started-at="2019-11-12T14:43:34Z" name="All Tests" finished-at="2019-11-12T14:43:41Z" duration-ms="6859">
    <groups>
    </groups>
    <test started-at="2019-11-12T14:43:34Z" name="messenger" finished-at="2019-11-12T14:43:41Z" duration-ms="6859">
      <class name="google.GoogleSearchTests">
        <test-method is-config="true" signature="setUp()[pri:0, instance:google.GoogleSearchTests@67b467e9]" started-at="2019-11-12T16:43:34Z" name="setUp" finished-at="2019-11-12T16:43:40Z" duration-ms="5161" status="PASS">
          <reporter-output>
          </reporter-output>
        </test-method> <!-- setUp -->
        <test-method signature="testSearchingOnGoogle()[pri:0, instance:google.GoogleSearchTests@67b467e9]" started-at="2019-11-12T16:43:40Z" name="testSearchingOnGoogle" finished-at="2019-11-12T16:43:40Z" duration-ms="573" status="PASS">
          <reporter-output>
            <line>
              <![CDATA[The browser is open now]]>
            </line>
            <line>
              <![CDATA[The browser is maximized]]>
            </line>
            <line>
              <![CDATA[The search results are displayed]]>
            </line>
          </reporter-output>
        </test-method> <!-- testSearchingOnGoogle -->
        <test-method is-config="true" signature="tearDown()[pri:0, instance:google.GoogleSearchTests@67b467e9]" started-at="2019-11-12T16:43:40Z" name="tearDown" finished-at="2019-11-12T16:43:41Z" duration-ms="1093" status="PASS">
          <reporter-output>
          </reporter-output>
        </test-method> <!-- tearDown -->
      </class> <!-- google.GoogleSearchTests -->
    </test> <!-- messenger -->
  </suite> <!-- All Tests -->
</testng-results>
