<?xml version="1.0" encoding="UTF-8"?>
<testng-results ignored="0" total="1" passed="1" failed="0" skipped="0">
  <reporter-output>
  </reporter-output>
  <suite started-at="2020-03-20T14:39:28Z" name="Suite" finished-at="2020-03-20T14:39:35Z" duration-ms="7289">
    <groups>
    </groups>
    <test started-at="2020-03-20T14:39:28Z" name="Test" finished-at="2020-03-20T14:39:35Z" duration-ms="7289">
      <class name="base.BaseTest">
        <test-method signature="goToPage()[pri:0, instance:base.BaseTest@8297b3a]" started-at="2020-03-20T14:39:28Z" name="goToPage" finished-at="2020-03-20T14:39:35Z" duration-ms="6726" status="PASS">
          <reporter-output>
          </reporter-output>
        </test-method> <!-- goToPage -->
        <test-method is-config="true" signature="tearDown()[pri:0, instance:base.BaseTest@8297b3a]" started-at="2020-03-20T14:39:35Z" name="tearDown" finished-at="2020-03-20T14:39:35Z" duration-ms="541" status="PASS">
          <reporter-output>
          </reporter-output>
        </test-method> <!-- tearDown -->
      </class> <!-- base.BaseTest -->
    </test> <!-- Test -->
  </suite> <!-- Suite -->
</testng-results>
