<?xml version="1.0" encoding="UTF-8"?>
<testng-results ignored="0" total="1" passed="1" failed="0" skipped="0">
  <reporter-output>
  </reporter-output>
  <suite started-at="2020-03-18T17:25:42Z" name="Suite" finished-at="2020-03-18T17:25:48Z" duration-ms="5835">
    <groups>
    </groups>
    <test started-at="2020-03-18T17:25:42Z" name="Test" finished-at="2020-03-18T17:25:48Z" duration-ms="5835">
      <class name="base.BaseTest">
        <test-method signature="goToPage()[pri:0, instance:base.BaseTest@8297b3a]" started-at="2020-03-18T17:25:42Z" name="goToPage" finished-at="2020-03-18T17:25:47Z" duration-ms="5264" status="PASS">
          <reporter-output>
          </reporter-output>
        </test-method> <!-- goToPage -->
        <test-method is-config="true" signature="tearDown()[pri:0, instance:base.BaseTest@8297b3a]" started-at="2020-03-18T17:25:47Z" name="tearDown" finished-at="2020-03-18T17:25:48Z" duration-ms="556" status="PASS">
          <reporter-output>
          </reporter-output>
        </test-method> <!-- tearDown -->
      </class> <!-- base.BaseTest -->
    </test> <!-- Test -->
  </suite> <!-- Suite -->
</testng-results>
